#
# There is insufficient memory for the Java Runtime Environment to continue.
# Native memory allocation (malloc) failed to allocate 1048576 bytes for AllocateHeap
# Possible reasons:
#   The system is out of physical RAM or swap space
#   The process is running with CompressedOops enabled, and the Java Heap may be blocking the growth of the native heap
# Possible solutions:
#   Reduce memory load on the system
#   Increase physical memory or swap space
#   Check if swap backing store is full
#   Decrease Java heap size (-Xmx/-Xms)
#   Decrease number of Java threads
#   Decrease Java thread stack sizes (-Xss)
#   Set larger code cache with -XX:ReservedCodeCacheSize=
#   JVM is running with Unscaled Compressed Oops mode in which the Java heap is
#     placed in the first 4GB address space. The Java Heap base address is the
#     maximum limit for the native heap growth. Please use -XX:HeapBaseMinAddress
#     to set the Java Heap base and to place the Java Heap above 4GB virtual address.
# This output file may be truncated or incomplete.
#
#  Out of Memory Error (allocation.cpp:44), pid=16128, tid=26420
#
# JRE version:  (17.0.8.1+1) (build )
# Java VM: OpenJDK 64-Bit Server VM (17.0.8.1+1, mixed mode, sharing, tiered, compressed oops, compressed class ptrs, g1 gc, windows-amd64)
# No core dump will be written. Minidumps are not enabled by default on client versions of Windows
#

---------------  S U M M A R Y ------------

Command Line: -Dfile.encoding=UTF-8 -Dstdout.encoding=UTF-8 -Dstderr.encoding=UTF-8 --module-path=C:\DUANCK\src\View\mysql-connector-java-8.0.28.jar;C:\DUANCK\src\View\protobuf-java-3.11.4.jar -XX:+ShowCodeDetailsInExceptionMessages View.SuaBaiHat

Host: 11th Gen Intel(R) Core(TM) i5-11400H @ 2.70GHz, 12 cores, 7G,  Windows 11 , 64 bit Build 22621 (10.0.22621.2506)
Time: Sun Jan 21 13:30:35 2024 SE Asia Standard Time elapsed time: 0.007773 seconds (0d 0h 0m 0s)

---------------  T H R E A D  ---------------

Current thread (0x00000235f06bc080):  JavaThread "Unknown thread" [_thread_in_vm, id=26420, stack(0x000000e800f00000,0x000000e801000000)]

Stack: [0x000000e800f00000,0x000000e801000000]
Native frames: (J=compiled Java code, j=interpreted, Vv=VM code, C=native code)
V  [jvm.dll+0x678b0a]
V  [jvm.dll+0x835e84]
V  [jvm.dll+0x83762e]
V  [jvm.dll+0x837c93]
V  [jvm.dll+0x24746f]
V  [jvm.dll+0xa697b]
V  [jvm.dll+0x2e6c37]
V  [jvm.dll+0x2dea8b]
V  [jvm.dll+0x807f31]
V  [jvm.dll+0x36bb21]
V  [jvm.dll+0x7e733c]
V  [jvm.dll+0x3ee4af]
V  [jvm.dll+0x3f00c1]
C  [jli.dll+0x528b]
C  [ucrtbase.dll+0x29363]
C  [KERNEL32.DLL+0x1257d]
C  [ntdll.dll+0x5aa58]


---------------  P R O C E S S  ---------------

Threads class SMR info:
_java_thread_list=0x00007ffd02cca018, length=0, elements={
}

Java Threads: ( => current thread )

Other Threads:
  0x00000235f0716e00 GCTaskThread "GC Thread#0" [stack: 0x000000e801000000,0x000000e801100000] [id=15844]

[error occurred during error reporting (printing all threads), id 0xc0000005, EXCEPTION_ACCESS_VIOLATION (0xc0000005) at pc=0x00007ffd0249bbc0]

VM state: not at safepoint (not fully initialized)

VM Mutex/Monitor currently owned by a thread:  ([mutex/lock_event])
[0x00000235f06b80c0] Heap_lock - owner thread: 0x00000235f06bc080

Heap address: 0x0000000084400000, size: 1980 MB, Compressed Oops mode: 32-bit

CDS archive(s) mapped at: [0x0000000000000000-0x0000000000000000-0x0000000000000000), size 0, SharedBaseAddress: 0x0000000800000000, ArchiveRelocationMode: 1.
Narrow klass base: 0x0000000000000000, Narrow klass shift: 0, Narrow klass range: 0x0

GC Precious Log:
<Empty>

Heap:
 garbage-first heap   total 0K, used 0K [0x0000000084400000, 0x0000000100000000)
  region size 1024K, 0 young (0K), 0 survivors (0K)

[error occurred during error reporting (printing heap information), id 0xc0000005, EXCEPTION_ACCESS_VIOLATION (0xc0000005) at pc=0x00007ffd02882699]

GC Heap History (0 events):
No events

Dll operation events (1 events):
Event: 0.005 Loaded shared library C:\Users\ASUS\.p2\pool\plugins\org.eclipse.justj.openjdk.hotspot.jre.full.win32.x86_64_17.0.8.v20230831-1047\jre\bin\java.dll

Deoptimization events (0 events):
No events

Classes unloaded (0 events):
No events

Classes redefined (0 events):
No events

Internal exceptions (0 events):
No events

VM Operations (0 events):
No events

Events (0 events):
No events


Dynamic libraries:
0x00007ff740630000 - 0x00007ff74063e000 	C:\Users\ASUS\.p2\pool\plugins\org.eclipse.justj.openjdk.hotspot.jre.full.win32.x86_64_17.0.8.v20230831-1047\jre\bin\javaw.exe
0x00007ffd64a10000 - 0x00007ffd64c27000 	C:\Windows\SYSTEM32\ntdll.dll
0x00007ffd63e20000 - 0x00007ffd63ee4000 	C:\Windows\System32\KERNEL32.DLL
0x00007ffd622c0000 - 0x00007ffd62666000 	C:\Windows\System32\KERNELBASE.dll
0x00007ffd61d50000 - 0x00007ffd61e61000 	C:\Windows\System32\ucrtbase.dll
0x00007ffd56200000 - 0x00007ffd56217000 	C:\Users\ASUS\.p2\pool\plugins\org.eclipse.justj.openjdk.hotspot.jre.full.win32.x86_64_17.0.8.v20230831-1047\jre\bin\jli.dll
0x00007ffd5a8d0000 - 0x00007ffd5a8e9000 	C:\Users\ASUS\.p2\pool\plugins\org.eclipse.justj.openjdk.hotspot.jre.full.win32.x86_64_17.0.8.v20230831-1047\jre\bin\VCRUNTIME140.dll
0x00007ffd64490000 - 0x00007ffd6463e000 	C:\Windows\System32\USER32.dll
0x00007ffd62290000 - 0x00007ffd622b6000 	C:\Windows\System32\win32u.dll
0x00007ffd43050000 - 0x00007ffd432e3000 	C:\Windows\WinSxS\amd64_microsoft.windows.common-controls_6595b64144ccf1df_6.0.22621.2506_none_270c5ae97388e100\COMCTL32.dll
0x00007ffd64040000 - 0x00007ffd64069000 	C:\Windows\System32\GDI32.dll
0x00007ffd64840000 - 0x00007ffd648e7000 	C:\Windows\System32\msvcrt.dll
0x00007ffd62010000 - 0x00007ffd62128000 	C:\Windows\System32\gdi32full.dll
0x00007ffd62130000 - 0x00007ffd621ca000 	C:\Windows\System32\msvcp_win.dll
0x00007ffd63af0000 - 0x00007ffd63b21000 	C:\Windows\System32\IMM32.DLL
0x00007ffd561f0000 - 0x00007ffd561fc000 	C:\Users\ASUS\.p2\pool\plugins\org.eclipse.justj.openjdk.hotspot.jre.full.win32.x86_64_17.0.8.v20230831-1047\jre\bin\vcruntime140_1.dll
0x00007ffd17b10000 - 0x00007ffd17ba1000 	C:\Users\ASUS\.p2\pool\plugins\org.eclipse.justj.openjdk.hotspot.jre.full.win32.x86_64_17.0.8.v20230831-1047\jre\bin\msvcp140.dll
0x00007ffd021b0000 - 0x00007ffd02dfc000 	C:\Users\ASUS\.p2\pool\plugins\org.eclipse.justj.openjdk.hotspot.jre.full.win32.x86_64_17.0.8.v20230831-1047\jre\bin\server\jvm.dll
0x00007ffd62760000 - 0x00007ffd62813000 	C:\Windows\System32\ADVAPI32.dll
0x00007ffd64790000 - 0x00007ffd64838000 	C:\Windows\System32\sechost.dll
0x00007ffd61fe0000 - 0x00007ffd62008000 	C:\Windows\System32\bcrypt.dll
0x00007ffd62820000 - 0x00007ffd62937000 	C:\Windows\System32\RPCRT4.dll
0x00007ffd4c500000 - 0x00007ffd4c509000 	C:\Windows\SYSTEM32\WSOCK32.dll
0x00007ffd64710000 - 0x00007ffd64781000 	C:\Windows\System32\WS2_32.dll
0x00007ffd58670000 - 0x00007ffd586a4000 	C:\Windows\SYSTEM32\WINMM.dll
0x00007ffd60bd0000 - 0x00007ffd60c1d000 	C:\Windows\SYSTEM32\POWRPROF.dll
0x00007ffd58020000 - 0x00007ffd5802a000 	C:\Windows\SYSTEM32\VERSION.dll
0x00007ffd60bb0000 - 0x00007ffd60bc3000 	C:\Windows\SYSTEM32\UMPDC.dll
0x00007ffd60e70000 - 0x00007ffd60e88000 	C:\Windows\SYSTEM32\kernel.appcore.dll
0x00007ffd4c4f0000 - 0x00007ffd4c4fa000 	C:\Users\ASUS\.p2\pool\plugins\org.eclipse.justj.openjdk.hotspot.jre.full.win32.x86_64_17.0.8.v20230831-1047\jre\bin\jimage.dll
0x00007ffd5f680000 - 0x00007ffd5f8b3000 	C:\Windows\SYSTEM32\DBGHELP.DLL
0x00007ffd62940000 - 0x00007ffd62cc9000 	C:\Windows\System32\combase.dll
0x00007ffd648f0000 - 0x00007ffd649c7000 	C:\Windows\System32\OLEAUT32.dll
0x00007ffd56020000 - 0x00007ffd56052000 	C:\Windows\SYSTEM32\dbgcore.DLL
0x00007ffd626e0000 - 0x00007ffd6275a000 	C:\Windows\System32\bcryptPrimitives.dll
0x00007ffd43ab0000 - 0x00007ffd43ad5000 	C:\Users\ASUS\.p2\pool\plugins\org.eclipse.justj.openjdk.hotspot.jre.full.win32.x86_64_17.0.8.v20230831-1047\jre\bin\java.dll

dbghelp: loaded successfully - version: 4.0.5 - missing functions: none
symbol engine: initialized successfully - sym options: 0x614 - pdb path: .;C:\Users\ASUS\.p2\pool\plugins\org.eclipse.justj.openjdk.hotspot.jre.full.win32.x86_64_17.0.8.v20230831-1047\jre\bin;C:\Windows\SYSTEM32;C:\Windows\WinSxS\amd64_microsoft.windows.common-controls_6595b64144ccf1df_6.0.22621.2506_none_270c5ae97388e100;C:\Users\ASUS\.p2\pool\plugins\org.eclipse.justj.openjdk.hotspot.jre.full.win32.x86_64_17.0.8.v20230831-1047\jre\bin\server

VM Arguments:
jvm_args: -Dfile.encoding=UTF-8 -Dstdout.encoding=UTF-8 -Dstderr.encoding=UTF-8 --module-path=C:\DUANCK\src\View\mysql-connector-java-8.0.28.jar;C:\DUANCK\src\View\protobuf-java-3.11.4.jar -XX:+ShowCodeDetailsInExceptionMessages 
java_command: View.SuaBaiHat
java_class_path (initial): C:\DUANCK\bin;C:\jfreechart-1.0.19\lib\hamcrest-core-1.3.jar;C:\jfreechart-1.0.19\lib\jcommon-1.0.23.jar;C:\jfreechart-1.0.19\lib\jfreechart-1.0.19.jar;C:\jfreechart-1.0.19\lib\jfreechart-1.0.19-experimental.jar;C:\jfreechart-1.0.19\lib\jfreechart-1.0.19-swt.jar;C:\jfreechart-1.0.19\lib\jfreesvg-2.0.jar;C:\jfreechart-1.0.19\lib\junit-4.11.jar;C:\jfreechart-1.0.19\lib\orsoncharts-1.4-eval-nofx.jar;C:\jfreechart-1.0.19\lib\orsonpdf-1.6-eval.jar;C:\jfreechart-1.0.19\lib\servlet.jar;C:\jfreechart-1.0.19\lib\swtgraphics2d.jar
Launcher Type: SUN_STANDARD

[Global flags]
     intx CICompilerCount                          = 4                                         {product} {ergonomic}
     uint ConcGCThreads                            = 3                                         {product} {ergonomic}
     uint G1ConcRefinementThreads                  = 10                                        {product} {ergonomic}
   size_t G1HeapRegionSize                         = 1048576                                   {product} {ergonomic}
    uintx GCDrainStackTargetSize                   = 64                                        {product} {ergonomic}
   size_t InitialHeapSize                          = 130023424                                 {product} {ergonomic}
   size_t MarkStackSize                            = 4194304                                   {product} {ergonomic}
   size_t MaxHeapSize                              = 2076180480                                {product} {ergonomic}
   size_t MinHeapDeltaBytes                        = 1048576                                   {product} {ergonomic}
   size_t MinHeapSize                              = 8388608                                   {product} {ergonomic}
    uintx NonNMethodCodeHeapSize                   = 5839372                                {pd product} {ergonomic}
    uintx NonProfiledCodeHeapSize                  = 122909434                              {pd product} {ergonomic}
    uintx ProfiledCodeHeapSize                     = 122909434                              {pd product} {ergonomic}
    uintx ReservedCodeCacheSize                    = 251658240                              {pd product} {ergonomic}
     bool SegmentedCodeCache                       = true                                      {product} {ergonomic}
     bool ShowCodeDetailsInExceptionMessages       = true                                   {manageable} {command line}
   size_t SoftMaxHeapSize                          = 2076180480                             {manageable} {ergonomic}
     bool UseCompressedClassPointers               = true                           {product lp64_product} {ergonomic}
     bool UseCompressedOops                        = true                           {product lp64_product} {ergonomic}
     bool UseG1GC                                  = true                                      {product} {ergonomic}
     bool UseLargePagesIndividualAllocation        = false                                  {pd product} {ergonomic}

Logging:
Log output configuration:
 #0: stdout all=warning uptime,level,tags
 #1: stderr all=off uptime,level,tags

Environment Variables:
PATH=C:/Users/ASUS/.p2/pool/plugins/org.eclipse.justj.openjdk.hotspot.jre.full.win32.x86_64_17.0.8.v20230831-1047/jre/bin/server;C:/Users/ASUS/.p2/pool/plugins/org.eclipse.justj.openjdk.hotspot.jre.full.win32.x86_64_17.0.8.v20230831-1047/jre/bin;C:\Program Files\Microsoft MPI\Bin\;C:\Windows\system32;C:\Windows;C:\Windows\System32\Wbem;C:\Windows\System32\WindowsPowerShell\v1.0\;C:\Windows\System32\OpenSSH\;C:\Program Files (x86)\NVIDIA Corporation\PhysX\Common;C:\Program Files\NVIDIA Corporation\NVIDIA NvDLISR;C:\Program Files (x86)\Microsoft SQL Server\160\Tools\Binn\;C:\Program Files\Microsoft SQL Server\160\Tools\Binn\;C:\Program Files\Microsoft SQL Server\Client SDK\ODBC\170\Tools\Binn\;C:\Program Files\Microsoft SQL Server\160\DTS\Binn\;C:\Program Files\Azure Data Studio\bin;C:\Program Files (x86)\Microsoft SQL Server\150\Tools\Binn\;C:\Program Files\Microsoft SQL Server\150\Tools\Binn\;C:\Program Files\Microsoft SQL Server\150\DTS\Binn\;C:\Users\ASUS\AppData\Local\Microsoft\WindowsApps;;C:\Program Files\Azure Data Studio\bin;C:\Windows\System32;
USERNAME=ASUS
OS=Windows_NT
PROCESSOR_IDENTIFIER=Intel64 Family 6 Model 141 Stepping 1, GenuineIntel
TMP=C:\Users\ASUS\AppData\Local\Temp
TEMP=C:\Users\ASUS\AppData\Local\Temp



---------------  S Y S T E M  ---------------

OS:
 Windows 11 , 64 bit Build 22621 (10.0.22621.2506)
OS uptime: 7 days 1:47 hours

CPU: total 12 (initial active 12) (6 cores per cpu, 2 threads per core) family 6 model 141 stepping 1 microcode 0x34, cx8, cmov, fxsr, ht, mmx, 3dnowpref, sse, sse2, sse3, ssse3, sse4.1, sse4.2, popcnt, lzcnt, tsc, tscinvbit, avx, avx2, aes, erms, clmul, bmi1, bmi2, adx, avx512f, avx512dq, avx512cd, avx512bw, avx512vl, sha, fma, vzeroupper, avx512_vpopcntdq, avx512_vpclmulqdq, avx512_vaes, avx512_vnni, clflush, clflushopt, clwb, avx512_vbmi2, avx512_vbmi
Processor Information for all 12 processors :
  Max Mhz: 2688, Current Mhz: 2688, Mhz Limit: 2688

Memory: 4k page, system-wide physical 7913M (104M free)
TotalPageFile size 20201M (AvailPageFile size 5M)
current process WorkingSet (physical memory assigned to process): 11M, peak: 11M
current process commit charge ("private bytes"): 54M, peak: 55M

vm_info: OpenJDK 64-Bit Server VM (17.0.8.1+1) for windows-amd64 JRE (17.0.8.1+1), built on Aug 23 2023 15:29:17 by "admin" with MS VC++ 16.7 (VS2019)

END.
